{
  "RSpec": {
    "coverage": {
      "/Users/taylormoore/turing/3module/storedom/app/helpers/application_helper.rb": [
        1,
        null
      ],
      "/Users/taylormoore/turing/3module/storedom/app/helpers/items_helper.rb": [
        1,
        null
      ],
      "/Users/taylormoore/turing/3module/storedom/app/helpers/orders_helper.rb": [
        1,
        null
      ],
      "/Users/taylormoore/turing/3module/storedom/app/helpers/users_helper.rb": [
        1,
        null
      ],
      "/Users/taylormoore/turing/3module/storedom/app/controllers/api/v1/items/items_controller.rb": [
        1,
        1,
        null,
        1,
        1,
        null,
        null,
        1,
        0,
        null,
        null,
        1,
        0,
        null,
        null,
        1,
        0,
        0,
        null,
        null,
        1,
        null,
        1,
        0,
        null,
        null,
        null
      ],
      "/Users/taylormoore/turing/3module/storedom/app/controllers/api/api_controller.rb": [
        1,
        1,
        null
      ],
      "/Users/taylormoore/turing/3module/storedom/app/controllers/application_controller.rb": [
        1,
        null,
        null,
        1,
        null
      ],
      "/Users/taylormoore/turing/3module/storedom/app/models/item.rb": [
        1,
        1,
        1,
        null,
        null,
        null
      ],
      "/Users/taylormoore/turing/3module/storedom/app/controllers/items_controller.rb": [
        0,
        0,
        0,
        0,
        0,
        0,
        0,
        0,
        0
      ],
      "/Users/taylormoore/turing/3module/storedom/app/controllers/orders_controller.rb": [
        0,
        0,
        0,
        0,
        0,
        0,
        0,
        0,
        0
      ],
      "/Users/taylormoore/turing/3module/storedom/app/controllers/users_controller.rb": [
        0,
        0,
        0,
        0,
        0,
        0,
        0,
        0,
        0
      ],
      "/Users/taylormoore/turing/3module/storedom/app/models/order.rb": [
        0,
        0,
        0,
        0,
        0,
        0
      ],
      "/Users/taylormoore/turing/3module/storedom/app/models/order_item.rb": [
        0,
        0,
        0,
        0
      ],
      "/Users/taylormoore/turing/3module/storedom/app/models/user.rb": [
        0,
        0,
        0
      ],
      "/Users/taylormoore/turing/3module/storedom/app/serializers/items_serializer.rb": [
        0,
        0,
        0,
        0,
        0,
        0,
        0
      ],
      "/Users/taylormoore/turing/3module/storedom/app/services/best_buy_service.rb": [
        0,
        0,
        0,
        0,
        0,
        0,
        0,
        0,
        0,
        0,
        0,
        0,
        0,
        0,
        0,
        0,
        0,
        0,
        0,
        0
      ]
    },
    "timestamp": 1457460061
  }
}
